sourcecode/Dr.ChuckChuck/app/build/intermediates/manifest_merge_blame_file/release/manifest-merger-blame-release-report.txt
1<?xml version="1.0" encoding="utf-8"?>
2<manifest xmlns:android="http://schemas.android.com/apk/res/android"
3    package="org.tensorflow.codelabs.objectdetection"
4    android:versionCode="1"
5    android:versionName="1.0" >
6
7    <uses-sdk
8        android:minSdkVersion="28"
8-->src\main\AndroidManifest.xml
9        android:targetSdkVersion="30" />
9-->src\main\AndroidManifest.xml
10
11    <uses-permission android:name="android.permission.READ_EXTERNAL_STORAGE" />
11-->src\main\AndroidManifest.xml:5:5-80
11-->src\main\AndroidManifest.xml:5:22-77
12
13    <queries>
13-->src\main\AndroidManifest.xml:7:5-11:15
14        <intent>
14-->src\main\AndroidManifest.xml:8:9-10:18
15            <action android:name="android.media.action.IMAGE_CAPTURE" />
15-->src\main\AndroidManifest.xml:9:13-73
15-->src\main\AndroidManifest.xml:9:21-70
16        </intent>
17    </queries>
18
19    <uses-permission android:name="android.permission.WRITE_EXTERNAL_STORAGE" />
20    <uses-permission android:name="android.permission.READ_PHONE_STATE" />
21
22    <application
22-->src\main\AndroidManifest.xml:13:5-50:19
23        android:name="org.tensorflow.codelabs.objectdetection.App"
23-->src\main\AndroidManifest.xml:14:9-67
24        android:allowBackup="true"
24-->src\main\AndroidManifest.xml:15:9-35
25        android:appComponentFactory="androidx.core.app.CoreComponentFactory"
25-->[androidx.core:core:1.3.2] AndroidManifest.xml:24:18-86
26        android:extractNativeLibs="false"
27        android:icon="@drawable/logo"
27-->src\main\AndroidManifest.xml:16:9-38
28        android:label="분리수거 척척박사"
28-->src\main\AndroidManifest.xml:17:9-34
29        android:roundIcon="@mipmap/ic_launcher_round"
29-->src\main\AndroidManifest.xml:18:9-54
30        android:supportsRtl="true"
30-->src\main\AndroidManifest.xml:19:9-35
31        android:theme="@style/Theme.ObjectDetection" >
31-->src\main\AndroidManifest.xml:20:9-53
32        <activity
32-->src\main\AndroidManifest.xml:22:9-24:20
33            android:name="org.tensorflow.codelabs.objectdetection.TipActivity"
33-->src\main\AndroidManifest.xml:22:19-85
34            android:screenOrientation="portrait" >
34-->src\main\AndroidManifest.xml:23:13-49
35        </activity>
36        <activity
36-->src\main\AndroidManifest.xml:25:9-33:20
37            android:name="org.tensorflow.codelabs.objectdetection.IntroActivity"
37-->src\main\AndroidManifest.xml:25:19-87
38            android:screenOrientation="portrait" >
38-->src\main\AndroidManifest.xml:26:13-49
39            <intent-filter>
39-->src\main\AndroidManifest.xml:28:13-32:29
40                <action android:name="android.intent.action.MAIN" />
40-->src\main\AndroidManifest.xml:29:17-69
40-->src\main\AndroidManifest.xml:29:25-66
41
42                <category android:name="android.intent.category.LAUNCHER" />
42-->src\main\AndroidManifest.xml:31:17-77
42-->src\main\AndroidManifest.xml:31:27-74
43            </intent-filter>
44        </activity>
45        <activity
45-->src\main\AndroidManifest.xml:34:9-36:20
46            android:name="org.tensorflow.codelabs.objectdetection.CategoryActivity"
46-->src\main\AndroidManifest.xml:34:19-90
47            android:screenOrientation="portrait" >
47-->src\main\AndroidManifest.xml:35:13-49
48        </activity>
49        <activity
49-->src\main\AndroidManifest.xml:37:9-39:20
50            android:name="org.tensorflow.codelabs.objectdetection.MainActivity"
50-->src\main\AndroidManifest.xml:37:19-86
51            android:screenOrientation="portrait" >
51-->src\main\AndroidManifest.xml:38:13-49
52        </activity>
53
54        <provider
54-->src\main\AndroidManifest.xml:41:9-49:20
55            android:name="androidx.core.content.FileProvider"
55-->src\main\AndroidManifest.xml:42:13-62
56            android:authorities="org.tensorflow.codelabs.objectdetection.fileprovider"
56-->src\main\AndroidManifest.xml:43:13-87
57            android:exported="false"
57-->src\main\AndroidManifest.xml:44:13-37
58            android:grantUriPermissions="true" >
58-->src\main\AndroidManifest.xml:45:13-47
59            <meta-data
59-->src\main\AndroidManifest.xml:46:13-48:54
60                android:name="android.support.FILE_PROVIDER_PATHS"
60-->src\main\AndroidManifest.xml:47:17-67
61                android:resource="@xml/file_paths" />
61-->src\main\AndroidManifest.xml:48:17-51
62        </provider>
63    </application>
64
65</manifest>